2018-06-13 18:03:51 ERROR [com.jihuiduo.netproxy.clientim.ClientConnect] 连接IM服务器异常
 org.apache.mina.core.RuntimeIoException: Failed to get the session.
	at org.apache.mina.core.future.DefaultConnectFuture.getSession(DefaultConnectFuture.java:58)
	at com.jihuiduo.netproxy.clientim.ClientConnect.run(ClientConnect.java:39)
	at java.lang.Thread.run(Thread.java:748)
Caused by: java.net.ConnectException: Connection refused
	at sun.nio.ch.SocketChannelImpl.checkConnect(Native Method)
	at sun.nio.ch.SocketChannelImpl.finishConnect(SocketChannelImpl.java:717)
	at org.apache.mina.transport.socket.nio.NioSocketConnector.finishConnect(NioSocketConnector.java:221)
	at org.apache.mina.transport.socket.nio.NioSocketConnector.finishConnect(NioSocketConnector.java:47)
	at org.apache.mina.core.polling.AbstractPollingIoConnector.processConnections(AbstractPollingIoConnector.java:459)
	at org.apache.mina.core.polling.AbstractPollingIoConnector.access$700(AbstractPollingIoConnector.java:65)
	at org.apache.mina.core.polling.AbstractPollingIoConnector$Connector.run(AbstractPollingIoConnector.java:527)
	at org.apache.mina.util.NamePreservingRunnable.run(NamePreservingRunnable.java:64)
	at java.util.concurrent.ThreadPoolExecutor.runWorker(ThreadPoolExecutor.java:1149)
	at java.util.concurrent.ThreadPoolExecutor$Worker.run(ThreadPoolExecutor.java:624)
	... 1 more
2018-06-13 18:04:42 ERROR [com.jihuiduo.netproxy.clientim.ClientConnect] 连接IM服务器异常
 org.apache.mina.core.RuntimeIoException: Failed to get the session.
	at org.apache.mina.core.future.DefaultConnectFuture.getSession(DefaultConnectFuture.java:58)
	at com.jihuiduo.netproxy.clientim.ClientConnect.run(ClientConnect.java:39)
	at java.lang.Thread.run(Thread.java:748)
Caused by: java.net.ConnectException: Connection refused
	at sun.nio.ch.SocketChannelImpl.checkConnect(Native Method)
	at sun.nio.ch.SocketChannelImpl.finishConnect(SocketChannelImpl.java:717)
	at org.apache.mina.transport.socket.nio.NioSocketConnector.finishConnect(NioSocketConnector.java:221)
	at org.apache.mina.transport.socket.nio.NioSocketConnector.finishConnect(NioSocketConnector.java:47)
	at org.apache.mina.core.polling.AbstractPollingIoConnector.processConnections(AbstractPollingIoConnector.java:459)
	at org.apache.mina.core.polling.AbstractPollingIoConnector.access$700(AbstractPollingIoConnector.java:65)
	at org.apache.mina.core.polling.AbstractPollingIoConnector$Connector.run(AbstractPollingIoConnector.java:527)
	at org.apache.mina.util.NamePreservingRunnable.run(NamePreservingRunnable.java:64)
	at java.util.concurrent.ThreadPoolExecutor.runWorker(ThreadPoolExecutor.java:1149)
	at java.util.concurrent.ThreadPoolExecutor$Worker.run(ThreadPoolExecutor.java:624)
	... 1 more
2018-06-13 18:06:45 ERROR [com.jihuiduo.netproxy.clientim.ClientConnect] 连接IM服务器异常
 org.apache.mina.core.RuntimeIoException: Failed to get the session.
	at org.apache.mina.core.future.DefaultConnectFuture.getSession(DefaultConnectFuture.java:58)
	at com.jihuiduo.netproxy.clientim.ClientConnect.run(ClientConnect.java:39)
	at java.lang.Thread.run(Thread.java:748)
Caused by: java.net.ConnectException: Connection refused
	at sun.nio.ch.SocketChannelImpl.checkConnect(Native Method)
	at sun.nio.ch.SocketChannelImpl.finishConnect(SocketChannelImpl.java:717)
	at org.apache.mina.transport.socket.nio.NioSocketConnector.finishConnect(NioSocketConnector.java:221)
	at org.apache.mina.transport.socket.nio.NioSocketConnector.finishConnect(NioSocketConnector.java:47)
	at org.apache.mina.core.polling.AbstractPollingIoConnector.processConnections(AbstractPollingIoConnector.java:459)
	at org.apache.mina.core.polling.AbstractPollingIoConnector.access$700(AbstractPollingIoConnector.java:65)
	at org.apache.mina.core.polling.AbstractPollingIoConnector$Connector.run(AbstractPollingIoConnector.java:527)
	at org.apache.mina.util.NamePreservingRunnable.run(NamePreservingRunnable.java:64)
	at java.util.concurrent.ThreadPoolExecutor.runWorker(ThreadPoolExecutor.java:1149)
	at java.util.concurrent.ThreadPoolExecutor$Worker.run(ThreadPoolExecutor.java:624)
	... 1 more
2018-06-13 18:09:29 ERROR [com.jihuiduo.netproxy.clientim.ClientConnect] 连接IM服务器异常
 org.apache.mina.core.RuntimeIoException: Failed to get the session.
	at org.apache.mina.core.future.DefaultConnectFuture.getSession(DefaultConnectFuture.java:58)
	at com.jihuiduo.netproxy.clientim.ClientConnect.run(ClientConnect.java:39)
	at java.lang.Thread.run(Thread.java:748)
Caused by: java.net.ConnectException: Connection refused
	at sun.nio.ch.SocketChannelImpl.checkConnect(Native Method)
	at sun.nio.ch.SocketChannelImpl.finishConnect(SocketChannelImpl.java:717)
	at org.apache.mina.transport.socket.nio.NioSocketConnector.finishConnect(NioSocketConnector.java:221)
	at org.apache.mina.transport.socket.nio.NioSocketConnector.finishConnect(NioSocketConnector.java:47)
	at org.apache.mina.core.polling.AbstractPollingIoConnector.processConnections(AbstractPollingIoConnector.java:459)
	at org.apache.mina.core.polling.AbstractPollingIoConnector.access$700(AbstractPollingIoConnector.java:65)
	at org.apache.mina.core.polling.AbstractPollingIoConnector$Connector.run(AbstractPollingIoConnector.java:527)
	at org.apache.mina.util.NamePreservingRunnable.run(NamePreservingRunnable.java:64)
	at java.util.concurrent.ThreadPoolExecutor.runWorker(ThreadPoolExecutor.java:1149)
	at java.util.concurrent.ThreadPoolExecutor$Worker.run(ThreadPoolExecutor.java:624)
	... 1 more
2018-06-13 18:09:55 ERROR [com.jihuiduo.netproxy.clientim.ClientConnect] 连接IM服务器异常
 org.apache.mina.core.RuntimeIoException: Failed to get the session.
	at org.apache.mina.core.future.DefaultConnectFuture.getSession(DefaultConnectFuture.java:58)
	at com.jihuiduo.netproxy.clientim.ClientConnect.run(ClientConnect.java:39)
	at java.lang.Thread.run(Thread.java:748)
Caused by: java.net.ConnectException: Connection refused
	at sun.nio.ch.SocketChannelImpl.checkConnect(Native Method)
	at sun.nio.ch.SocketChannelImpl.finishConnect(SocketChannelImpl.java:717)
	at org.apache.mina.transport.socket.nio.NioSocketConnector.finishConnect(NioSocketConnector.java:221)
	at org.apache.mina.transport.socket.nio.NioSocketConnector.finishConnect(NioSocketConnector.java:47)
	at org.apache.mina.core.polling.AbstractPollingIoConnector.processConnections(AbstractPollingIoConnector.java:459)
	at org.apache.mina.core.polling.AbstractPollingIoConnector.access$700(AbstractPollingIoConnector.java:65)
	at org.apache.mina.core.polling.AbstractPollingIoConnector$Connector.run(AbstractPollingIoConnector.java:527)
	at org.apache.mina.util.NamePreservingRunnable.run(NamePreservingRunnable.java:64)
	at java.util.concurrent.ThreadPoolExecutor.runWorker(ThreadPoolExecutor.java:1149)
	at java.util.concurrent.ThreadPoolExecutor$Worker.run(ThreadPoolExecutor.java:624)
	... 1 more
